<?xml version="1.0" encoding="UTF-8"?>
<!-- Generated by org.testng.reporters.JUnitReportReporter -->
<testsuite hostname="LAPTOP-RRO4KGR3" name="applicationTest" tests="3" failures="0" timestamp="10 Aug 2019 04:44:24 GMT" time="0.019" errors="0">
  <testcase name="LOGOUT" time="0.003" classname="applicationTest"/>
  <testcase name="LOGIN" time="0.010" classname="applicationTest"/>
  <testcase name="PASSWORDCHANGE" time="0.006" classname="applicationTest"/>
</testsuite> <!-- applicationTest -->
