<?xml version="1.0" encoding="UTF-8"?>
<!-- Generated by org.testng.reporters.JUnitReportReporter -->
<testsuite hostname="LAPTOP-RRO4KGR3" name="LoginTest" tests="2" failures="0" timestamp="10 Aug 2019 04:44:24 GMT" time="0.086" errors="0">
  <testcase name="logintest" time="0.041" classname="LoginTest"/>
  <testcase name="logintest" time="0.045" classname="LoginTest"/>
</testsuite> <!-- LoginTest -->
