<?xml version="1.0" encoding="UTF-8"?>
<!-- Generated by org.testng.reporters.JUnitReportReporter -->
<testsuite hostname="LAPTOP-RRO4KGR3" name="suite1.applicationTest" tests="3" failures="0" timestamp="22 Feb 2020 15:18:53 GMT" time="0.016" errors="0">
  <testcase name="PASSWORDCHANGE" time="0.003" classname="suite1.applicationTest"/>
  <testcase name="LOGIN" time="0.010" classname="suite1.applicationTest"/>
  <testcase name="LOGOUT" time="0.003" classname="suite1.applicationTest"/>
</testsuite> <!-- suite1.applicationTest -->
